<?xml version="1.0" encoding="UTF-8"?>
<testng-results skipped="0" failed="0" ignored="0" total="1" passed="1">
  <reporter-output>
  </reporter-output>
  <suite name="com.tests.AppTest" duration-ms="32139" started-at="2017-09-24T22:43:16Z" finished-at="2017-09-24T22:43:48Z">
    <groups>
    </groups>
    <test name="Command line test" duration-ms="32139" started-at="2017-09-24T22:43:16Z" finished-at="2017-09-24T22:43:48Z">
      <class name="com.tests.AppTest">
        <test-method status="PASS" signature="testLogin()[pri:0, instance:com.tests.AppTest@1b554cc]" name="testLogin" duration-ms="32100" started-at="2017-09-25T04:13:16Z" finished-at="2017-09-25T04:13:48Z">
          <reporter-output>
          </reporter-output>
        </test-method> <!-- testLogin -->
      </class> <!-- com.tests.AppTest -->
    </test> <!-- Command line test -->
  </suite> <!-- com.tests.AppTest -->
</testng-results>
