<?xml version="1.0" encoding="UTF-8"?>
<testng-results skipped="0" failed="0" ignored="0" total="1" passed="1">
  <reporter-output>
  </reporter-output>
  <suite name="Default suite" duration-ms="176118" started-at="2017-09-29T20:40:59Z" finished-at="2017-09-29T20:43:55Z">
    <groups>
    </groups>
    <test name="Default test" duration-ms="176118" started-at="2017-09-29T20:40:59Z" finished-at="2017-09-29T20:43:55Z">
      <class name="tests.SignInUpTest">
        <test-method status="PASS" signature="setUp()[pri:0, instance:tests.SignInUpTest@5f341870]" name="setUp" is-config="true" duration-ms="8033" started-at="2017-09-29T16:40:59Z" finished-at="2017-09-29T16:41:07Z">
          <reporter-output>
          </reporter-output>
        </test-method> <!-- setUp -->
        <test-method status="PASS" signature="signUpConfirmation()[pri:0, instance:tests.SignInUpTest@5f341870]" name="signUpConfirmation" duration-ms="168057" started-at="2017-09-29T16:41:07Z" description="Sign In screen (Functional) anc check confirmation details, &#039;Signing In in 123Loadboard.&#039;" finished-at="2017-09-29T16:43:55Z">
          <reporter-output>
          </reporter-output>
        </test-method> <!-- signUpConfirmation -->
      </class> <!-- tests.SignInUpTest -->
    </test> <!-- Default test -->
  </suite> <!-- Default suite -->
</testng-results>
